
SQL*Loader: Release 21.0.0.0.0 - Production on Fri May 16 18:30:32 2025
Version 21.3.0.0.0

Copyright (c) 1982, 2021, Oracle and/or its affiliates.  All rights reserved.

Control File:   customers.ctl
Data File:      Data/Customers.csv
  Bad File:     Customers.bad
  Discard File:  none specified
 
 (Allow all discards)

Number to load: ALL
Number to skip: 0
Errors allowed: 50
Bind array:     250 rows, maximum of 1048576 bytes
Continuation:    none specified
Path used:      Conventional

Table TBLCUSTOMER, loaded from every logical record.
Insert option in effect for this table: APPEND
TRAILING NULLCOLS option in effect

   Column Name                  Position   Len  Term Encl Datatype
------------------------------ ---------- ----- ---- ---- ---------------------
CUSTOMERNAME                        FIRST     *   ,  O(") CHARACTER            
CUSTOMERADDRESS                      NEXT     *   ,  O(") CHARACTER            
CUSTOMEREMAIL                        NEXT     *   ,  O(") CHARACTER            


Table TBLCUSTOMER:
  43 Rows successfully loaded.
  0 Rows not loaded due to data errors.
  0 Rows not loaded because all WHEN clauses were failed.
  0 Rows not loaded because all fields were null.


Space allocated for bind array:                 193500 bytes(250 rows)
Read   buffer bytes: 1048576

Total logical records skipped:          0
Total logical records read:            43
Total logical records rejected:         0
Total logical records discarded:        0

Run began on Fri May 16 18:30:32 2025
Run ended on Fri May 16 18:30:33 2025

Elapsed time was:     00:00:01.08
CPU time was:         00:00:00.09
